14:32:02 **** Incremental Build of configuration Debug for project CAN_Driver ****
make -j4 all 
arm-none-eabi-gcc "../CAN/CAN.c" -mcpu=cortex-m3 -std=gnu11 -g3 -DDEBUG -DSTM32 -DSTM32F1 -DSTM32F103C8Tx -c -I../Inc -I"C:/Users/Kunal/STM32CubeIDE/Kunal/STM32F103_DRIVER/CAN_Driver/GPIO" -I"C:/Users/Kunal/STM32CubeIDE/Kunal/STM32F103_DRIVER/CAN_Driver/CAN" -I"C:/Users/Kunal/STM32CubeIDE/Kunal/STM32F103_DRIVER/CAN_Driver/Console" -O0 -ffunction-sections -fdata-sections -Wall -fstack-usage -MMD -MP -MF"CAN/CAN.d" -MT"CAN/CAN.o" --specs=nano.specs -mfloat-abi=soft -mthumb -o "CAN/CAN.o"
arm-none-eabi-gcc -o "CAN_Driver.elf" @"objects.list"   -mcpu=cortex-m3 -T"C:\Users\Kunal\STM32CubeIDE\Kunal\STM32F103_DRIVER\CAN_Driver\STM32F103C8TX_FLASH.ld" --specs=nosys.specs -Wl,-Map="CAN_Driver.map" -Wl,--gc-sections -static --specs=nano.specs -mfloat-abi=soft -mthumb -Wl,--start-group -lc -lm -Wl,--end-group
Finished building target: CAN_Driver.elf
 
arm-none-eabi-size   CAN_Driver.elf 
arm-none-eabi-objdump -h -S  CAN_Driver.elf  > "CAN_Driver.list"
arm-none-eabi-objcopy  -O binary  CAN_Driver.elf  "CAN_Driver.bin"
   text	   data	    bss	    dec	    hex	filename
   5896	    112	   1800	   7808	   1e80	CAN_Driver.elf
Finished building: default.size.stdout
 
Finished building: CAN_Driver.list
Finished building: CAN_Driver.bin
 
 
14:32:26 **** Incremental Build of configuration Debug for project CAN_Driver ****
make -j4 all 
arm-none-eabi-size   CAN_Driver.elf 
   text	   data	    bss	    dec	    hex	filename
   5896	    112	   1800	   7808	   1e80	CAN_Driver.elf
Finished building: default.size.stdout
 
14:33:35 **** Incremental Build of configuration Debug for project CAN_Driver ****
make -j4 all 
arm-none-eabi-gcc "../Src/main.c" -mcpu=cortex-m3 -std=gnu11 -g3 -DDEBUG -DSTM32 -DSTM32F1 -DSTM32F103C8Tx -c -I../Inc -I"C:/Users/Kunal/STM32CubeIDE/Kunal/STM32F103_DRIVER/CAN_Driver/GPIO" -I"C:/Users/Kunal/STM32CubeIDE/Kunal/STM32F103_DRIVER/CAN_Driver/CAN" -I"C:/Users/Kunal/STM32CubeIDE/Kunal/STM32F103_DRIVER/CAN_Driver/Console" -O0 -ffunction-sections -fdata-sections -Wall -fstack-usage -MMD -MP -MF"Src/main.d" -MT"Src/main.o" --specs=nano.specs -mfloat-abi=soft -mthumb -o "Src/main.o"
arm-none-eabi-gcc -o "CAN_Driver.elf" @"objects.list"   -mcpu=cortex-m3 -T"C:\Users\Kunal\STM32CubeIDE\Kunal\STM32F103_DRIVER\CAN_Driver\STM32F103C8TX_FLASH.ld" --specs=nosys.specs -Wl,-Map="CAN_Driver.map" -Wl,--gc-sections -static --specs=nano.specs -mfloat-abi=soft -mthumb -Wl,--start-group -lc -lm -Wl,--end-group
Finished building target: CAN_Driver.elf
 
arm-none-eabi-size   CAN_Driver.elf 
arm-none-eabi-objdump -h -S  CAN_Driver.elf  > "CAN_Driver.list"
arm-none-eabi-objcopy  -O binary  CAN_Driver.elf  "CAN_Driver.bin"
   text	   data	    bss	    dec	    hex	filename
   5916	    112	   1800	   7828	   1e94	CAN_Driver.elf
Finished building: default.size.stdout
 
Finished building: CAN_Driver.bin
Finished building: CAN_Driver.list
 
 
14:34:45 **** Incremental Build of configuration Debug for project CAN_Driver ****
make -j4 all 
arm-none-eabi-gcc "../Src/main.c" -mcpu=cortex-m3 -std=gnu11 -g3 -DDEBUG -DSTM32 -DSTM32F1 -DSTM32F103C8Tx -c -I../Inc -I"C:/Users/Kunal/STM32CubeIDE/Kunal/STM32F103_DRIVER/CAN_Driver/GPIO" -I"C:/Users/Kunal/STM32CubeIDE/Kunal/STM32F103_DRIVER/CAN_Driver/CAN" -I"C:/Users/Kunal/STM32CubeIDE/Kunal/STM32F103_DRIVER/CAN_Driver/Console" -O0 -ffunction-sections -fdata-sections -Wall -fstack-usage -MMD -MP -MF"Src/main.d" -MT"Src/main.o" --specs=nano.specs -mfloat-abi=soft -mthumb -o "Src/main.o"
arm-none-eabi-gcc -o "CAN_Driver.elf" @"objects.list"   -mcpu=cortex-m3 -T"C:\Users\Kunal\STM32CubeIDE\Kunal\STM32F103_DRIVER\CAN_Driver\STM32F103C8TX_FLASH.ld" --specs=nosys.specs -Wl,-Map="CAN_Driver.map" -Wl,--gc-sections -static --specs=nano.specs -mfloat-abi=soft -mthumb -Wl,--start-group -lc -lm -Wl,--end-group
Finished building target: CAN_Driver.elf
 
arm-none-eabi-size   CAN_Driver.elf 
arm-none-eabi-objdump -h -S  CAN_Driver.elf  > "CAN_Driver.list"
arm-none-eabi-objcopy  -O binary  CAN_Driver.elf  "CAN_Driver.bin"
   text	   data	    bss	    dec	    hex	filename
   5916	    112	   1800	   7828	   1e94	CAN_Driver.elf
Finished building: default.size.stdout
 
Finished building: CAN_Driver.bin
 
Finished building: CAN_Driver.list
 
14:38:48 **** Incremental Build of configuration Debug for project CAN_Driver ****
make -j4 all 
arm-none-eabi-gcc "../Console/Console.c" -mcpu=cortex-m3 -std=gnu11 -g3 -DDEBUG -DSTM32 -DSTM32F1 -DSTM32F103C8Tx -c -I../Inc -I"C:/Users/Kunal/STM32CubeIDE/Kunal/STM32F103_DRIVER/CAN_Driver/GPIO" -I"C:/Users/Kunal/STM32CubeIDE/Kunal/STM32F103_DRIVER/CAN_Driver/CAN" -I"C:/Users/Kunal/STM32CubeIDE/Kunal/STM32F103_DRIVER/CAN_Driver/Console" -O0 -ffunction-sections -fdata-sections -Wall -fstack-usage -MMD -MP -MF"Console/Console.d" -MT"Console/Console.o" --specs=nano.specs -mfloat-abi=soft -mthumb -o "Console/Console.o"
arm-none-eabi-gcc -o "CAN_Driver.elf" @"objects.list"   -mcpu=cortex-m3 -T"C:\Users\Kunal\STM32CubeIDE\Kunal\STM32F103_DRIVER\CAN_Driver\STM32F103C8TX_FLASH.ld" --specs=nosys.specs -Wl,-Map="CAN_Driver.map" -Wl,--gc-sections -static --specs=nano.specs -mfloat-abi=soft -mthumb -Wl,--start-group -lc -lm -Wl,--end-group
Finished building target: CAN_Driver.elf
 
arm-none-eabi-size   CAN_Driver.elf 
arm-none-eabi-objdump -h -S  CAN_Driver.elf  > "CAN_Driver.list"
arm-none-eabi-objcopy  -O binary  CAN_Driver.elf  "CAN_Driver.bin"
   text	   data	    bss	    dec	    hex	filename
   5916	    112	   1800	   7828	   1e94	CAN_Driver.elf
Finished building: CAN_Driver.bin
Finished building: default.size.stdout
 
 
Finished building: CAN_Driver.list
 
14:39:41 **** Incremental Build of configuration Debug for project CAN_Driver ****
make -j4 all 
arm-none-eabi-gcc "../Src/main.c" -mcpu=cortex-m3 -std=gnu11 -g3 -DDEBUG -DSTM32 -DSTM32F1 -DSTM32F103C8Tx -c -I../Inc -I"C:/Users/Kunal/STM32CubeIDE/Kunal/STM32F103_DRIVER/CAN_Driver/GPIO" -I"C:/Users/Kunal/STM32CubeIDE/Kunal/STM32F103_DRIVER/CAN_Driver/CAN" -I"C:/Users/Kunal/STM32CubeIDE/Kunal/STM32F103_DRIVER/CAN_Driver/Console" -O0 -ffunction-sections -fdata-sections -Wall -fstack-usage -MMD -MP -MF"Src/main.d" -MT"Src/main.o" --specs=nano.specs -mfloat-abi=soft -mthumb -o "Src/main.o"
arm-none-eabi-gcc -o "CAN_Driver.elf" @"objects.list"   -mcpu=cortex-m3 -T"C:\Users\Kunal\STM32CubeIDE\Kunal\STM32F103_DRIVER\CAN_Driver\STM32F103C8TX_FLASH.ld" --specs=nosys.specs -Wl,-Map="CAN_Driver.map" -Wl,--gc-sections -static --specs=nano.specs -mfloat-abi=soft -mthumb -Wl,--start-group -lc -lm -Wl,--end-group
Finished building target: CAN_Driver.elf
 
arm-none-eabi-size   CAN_Driver.elf 
arm-none-eabi-objdump -h -S  CAN_Driver.elf  > "CAN_Driver.list"
arm-none-eabi-objcopy  -O binary  CAN_Driver.elf  "CAN_Driver.bin"
   text	   data	    bss	    dec	    hex	filename
   5932	    112	   1800	   7844	   1ea4	CAN_Driver.elf
Finished building: default.size.stdout
 
Finished building: CAN_Driver.bin
Finished building: CAN_Driver.list
 
 
14:40:49 **** Incremental Build of configuration Debug for project CAN_Driver ****
make -j4 all 
arm-none-eabi-gcc "../Src/main.c" -mcpu=cortex-m3 -std=gnu11 -g3 -DDEBUG -DSTM32 -DSTM32F1 -DSTM32F103C8Tx -c -I../Inc -I"C:/Users/Kunal/STM32CubeIDE/Kunal/STM32F103_DRIVER/CAN_Driver/GPIO" -I"C:/Users/Kunal/STM32CubeIDE/Kunal/STM32F103_DRIVER/CAN_Driver/CAN" -I"C:/Users/Kunal/STM32CubeIDE/Kunal/STM32F103_DRIVER/CAN_Driver/Console" -O0 -ffunction-sections -fdata-sections -Wall -fstack-usage -MMD -MP -MF"Src/main.d" -MT"Src/main.o" --specs=nano.specs -mfloat-abi=soft -mthumb -o "Src/main.o"
arm-none-eabi-gcc -o "CAN_Driver.elf" @"objects.list"   -mcpu=cortex-m3 -T"C:\Users\Kunal\STM32CubeIDE\Kunal\STM32F103_DRIVER\CAN_Driver\STM32F103C8TX_FLASH.ld" --specs=nosys.specs -Wl,-Map="CAN_Driver.map" -Wl,--gc-sections -static --specs=nano.specs -mfloat-abi=soft -mthumb -Wl,--start-group -lc -lm -Wl,--end-group
Finished building target: CAN_Driver.elf
 
arm-none-eabi-size   CAN_Driver.elf 
arm-none-eabi-objdump -h -S  CAN_Driver.elf  > "CAN_Driver.list"
arm-none-eabi-objcopy  -O binary  CAN_Driver.elf  "CAN_Driver.bin"
   text	   data	    bss	    dec	    hex	filename
   5940	    112	   1800	   7852	   1eac	CAN_Driver.elf
Finished building: default.size.stdout
 
Finished building: CAN_Driver.list
Finished building: CAN_Driver.bin
 
 
